==17737== Memcheck, a memory error detector
==17737== Copyright (C) 2002-2012, and GNU GPL'd, by Julian Seward et al.
==17737== Using Valgrind-3.8.1 and LibVEX; rerun with -h for copyright info
==17737== Command: ./a.out
==17737== Parent PID: 36829
==17737== 
--17737-- 
--17737-- Valgrind options:
--17737--    --tool=memcheck
--17737--    --leak-check=full
--17737--    --verbose
--17737--    --log-file=memcheck.log
--17737-- Contents of /proc/version:
--17737--   Linux version 2.6.32-504.8.1.el6.x86_64 (mockbuild@x86-002.build.bos.redhat.com) (gcc version 4.4.7 20120313 (Red Hat 4.4.7-9) (GCC) ) #1 SMP Fri Dec 19 12:09:25 EST 2014
--17737-- Arch and hwcaps: AMD64, amd64-sse3-cx16-avx
--17737-- Page sizes: currently 4096, max supported 4096
--17737-- Valgrind library directory: /usr/lib64/valgrind
--17737-- Reading syms from /home/shay/b/sekale/Desktop/Project2_FinalDraft/a.out
--17737-- Reading syms from /usr/lib64/valgrind/memcheck-amd64-linux
--17737--    object doesn't have a dynamic symbol table
--17737-- Reading syms from /lib64/ld-2.12.so
--17737--   Considering /usr/lib/debug/.build-id/5b/eb2450b75e84ff317c65f22af8b8112c25df63.debug ..
--17737--   .. build-id is valid
--17737-- Scheduler: using generic scheduler lock implementation.
--17737-- Reading suppressions file: /usr/lib64/valgrind/default.supp
==17737== embedded gdbserver: reading from /tmp/vgdb-pipe-from-vgdb-to-17737-by-sekale-on-ecegrid-thin4.ecn.purdue.edu
==17737== embedded gdbserver: writing to   /tmp/vgdb-pipe-to-vgdb-from-17737-by-sekale-on-ecegrid-thin4.ecn.purdue.edu
==17737== embedded gdbserver: shared mem   /tmp/vgdb-pipe-shared-mem-vgdb-17737-by-sekale-on-ecegrid-thin4.ecn.purdue.edu
==17737== 
==17737== TO CONTROL THIS PROCESS USING vgdb (which you probably
==17737== don't want to do, unless you know exactly what you're doing,
==17737== or are doing some strange experiment):
==17737==   /usr/lib64/valgrind/../../bin/vgdb --pid=17737 ...command...
==17737== 
==17737== TO DEBUG THIS PROCESS USING GDB: start GDB like this
==17737==   /path/to/gdb ./a.out
==17737== and then give GDB the following command
==17737==   target remote | /usr/lib64/valgrind/../../bin/vgdb --pid=17737
==17737== --pid is optional if only one valgrind process is running
==17737== 
--17737-- REDIR: 0x34660176d0 (strlen) redirected to 0x38049551 (vgPlain_amd64_linux_REDIR_FOR_strlen)
--17737-- Reading syms from /usr/lib64/valgrind/vgpreload_core-amd64-linux.so
--17737-- Reading syms from /usr/lib64/valgrind/vgpreload_memcheck-amd64-linux.so
--17737-- REDIR: 0x34660174e0 (index) redirected to 0x4a07c30 (index)
--17737-- REDIR: 0x3466017560 (strcmp) redirected to 0x4a08570 (strcmp)
--17737-- Reading syms from /lib64/libc-2.12.so
--17737--   Considering /usr/lib/debug/.build-id/22/aa38cca59a5df6cf07b8fc1778e2ee0384508e.debug ..
--17737--   .. build-id is valid
--17737-- REDIR: 0x3466484cd0 (strcasecmp) redirected to 0x480155c (_vgnU_ifunc_wrapper)
--17737-- REDIR: 0x3466486f90 (strncasecmp) redirected to 0x480155c (_vgnU_ifunc_wrapper)
--17737-- REDIR: 0x3466482c40 (__GI_strrchr) redirected to 0x4a07ab0 (__GI_strrchr)
--17737-- REDIR: 0x346647a640 (malloc) redirected to 0x4a069ac (malloc)
--17737-- REDIR: 0xffffffffff600400 (???) redirected to 0x3804953d (vgPlain_amd64_linux_REDIR_FOR_vtime)
--17737-- REDIR: 0xffffffffff600000 (???) redirected to 0x38049533 (vgPlain_amd64_linux_REDIR_FOR_vgettimeofday)
--17737-- REDIR: 0x346648aaf0 (strchrnul) redirected to 0x4a09fb0 (strchrnul)
--17737-- REDIR: 0x346647b520 (free) redirected to 0x4a063a9 (free)
--17737-- REDIR: 0x3466489670 (memcpy) redirected to 0x4a08b60 (memcpy)
==17737== Source and destination overlap in memcpy(0x4c3c040, 0x4c3c040, 100000)
==17737==    at 0x4A08BCE: memcpy (mc_replace_strmem.c:882)
==17737==    by 0x4009AC: Radix_Sort (in /home/shay/b/sekale/Desktop/Project2_FinalDraft/a.out)
==17737==    by 0x400CA0: sort (in /home/shay/b/sekale/Desktop/Project2_FinalDraft/a.out)
==17737==    by 0x400D4A: main (in /home/shay/b/sekale/Desktop/Project2_FinalDraft/a.out)
==17737== 
==17737== 
==17737== HEAP SUMMARY:
==17737==     in use at exit: 0 bytes in 0 blocks
==17737==   total heap usage: 2 allocs, 2 frees, 800,000 bytes allocated
==17737== 
==17737== All heap blocks were freed -- no leaks are possible
==17737== 
==17737== ERROR SUMMARY: 1 errors from 1 contexts (suppressed: 6 from 6)
==17737== 
==17737== 1 errors in context 1 of 1:
==17737== Source and destination overlap in memcpy(0x4c3c040, 0x4c3c040, 100000)
==17737==    at 0x4A08BCE: memcpy (mc_replace_strmem.c:882)
==17737==    by 0x4009AC: Radix_Sort (in /home/shay/b/sekale/Desktop/Project2_FinalDraft/a.out)
==17737==    by 0x400CA0: sort (in /home/shay/b/sekale/Desktop/Project2_FinalDraft/a.out)
==17737==    by 0x400D4A: main (in /home/shay/b/sekale/Desktop/Project2_FinalDraft/a.out)
==17737== 
--17737-- 
--17737-- used_suppression:      4 U1004-ARM-_dl_relocate_object
--17737-- used_suppression:      2 glibc-2.5.x-on-SUSE-10.2-(PPC)-2a
==17737== 
==17737== ERROR SUMMARY: 1 errors from 1 contexts (suppressed: 6 from 6)
